2025-07-10 15:33:25,109 | RUN 20250710_153323 | INFO | Data retrieved successfully.
2025-07-10 15:33:25,128 | RUN 20250710_153323 | INFO | Extracting gzip: C:\Users\JULESC~1\AppData\Local\Temp\tmpb76xc4o1\100011471\100011471_2025-07-09_0#0.json.gz -> data\100011471_2025-07-09_0#0.json
2025-07-10 15:33:25,128 | RUN 20250710_153323 | INFO | Extracting gzip: C:\Users\JULESC~1\AppData\Local\Temp\tmpb76xc4o1\100011471\100011471_2025-07-09_1#0.json.gz -> data\100011471_2025-07-09_1#0.json
2025-07-10 15:33:25,131 | RUN 20250710_153323 | INFO | Extracting gzip: C:\Users\JULESC~1\AppData\Local\Temp\tmpb76xc4o1\100011471\100011471_2025-07-09_10#0.json.gz -> data\100011471_2025-07-09_10#0.json
2025-07-10 15:33:25,131 | RUN 20250710_153323 | INFO | Extracting gzip: C:\Users\JULESC~1\AppData\Local\Temp\tmpb76xc4o1\100011471\100011471_2025-07-09_11#0.json.gz -> data\100011471_2025-07-09_11#0.json
2025-07-10 15:33:25,134 | RUN 20250710_153323 | INFO | Extracting gzip: C:\Users\JULESC~1\AppData\Local\Temp\tmpb76xc4o1\100011471\100011471_2025-07-09_12#0.json.gz -> data\100011471_2025-07-09_12#0.json
2025-07-10 15:33:25,137 | RUN 20250710_153323 | INFO | Extracting gzip: C:\Users\JULESC~1\AppData\Local\Temp\tmpb76xc4o1\100011471\100011471_2025-07-09_13#0.json.gz -> data\100011471_2025-07-09_13#0.json
2025-07-10 15:33:25,140 | RUN 20250710_153323 | INFO | Extracting gzip: C:\Users\JULESC~1\AppData\Local\Temp\tmpb76xc4o1\100011471\100011471_2025-07-09_14#0.json.gz -> data\100011471_2025-07-09_14#0.json
2025-07-10 15:33:25,141 | RUN 20250710_153323 | INFO | Extracting gzip: C:\Users\JULESC~1\AppData\Local\Temp\tmpb76xc4o1\100011471\100011471_2025-07-09_15#0.json.gz -> data\100011471_2025-07-09_15#0.json
2025-07-10 15:33:25,143 | RUN 20250710_153323 | INFO | Extracting gzip: C:\Users\JULESC~1\AppData\Local\Temp\tmpb76xc4o1\100011471\100011471_2025-07-09_16#0.json.gz -> data\100011471_2025-07-09_16#0.json
2025-07-10 15:33:25,145 | RUN 20250710_153323 | INFO | Extracting gzip: C:\Users\JULESC~1\AppData\Local\Temp\tmpb76xc4o1\100011471\100011471_2025-07-09_17#0.json.gz -> data\100011471_2025-07-09_17#0.json
2025-07-10 15:33:25,147 | RUN 20250710_153323 | INFO | Extracting gzip: C:\Users\JULESC~1\AppData\Local\Temp\tmpb76xc4o1\100011471\100011471_2025-07-09_18#0.json.gz -> data\100011471_2025-07-09_18#0.json
2025-07-10 15:33:25,147 | RUN 20250710_153323 | INFO | Extracting gzip: C:\Users\JULESC~1\AppData\Local\Temp\tmpb76xc4o1\100011471\100011471_2025-07-09_19#0.json.gz -> data\100011471_2025-07-09_19#0.json
2025-07-10 15:33:25,147 | RUN 20250710_153323 | INFO | Extracting gzip: C:\Users\JULESC~1\AppData\Local\Temp\tmpb76xc4o1\100011471\100011471_2025-07-09_2#0.json.gz -> data\100011471_2025-07-09_2#0.json
2025-07-10 15:33:25,150 | RUN 20250710_153323 | INFO | Extracting gzip: C:\Users\JULESC~1\AppData\Local\Temp\tmpb76xc4o1\100011471\100011471_2025-07-09_20#0.json.gz -> data\100011471_2025-07-09_20#0.json
2025-07-10 15:33:25,153 | RUN 20250710_153323 | INFO | Extracting gzip: C:\Users\JULESC~1\AppData\Local\Temp\tmpb76xc4o1\100011471\100011471_2025-07-09_21#0.json.gz -> data\100011471_2025-07-09_21#0.json
2025-07-10 15:33:25,153 | RUN 20250710_153323 | INFO | Extracting gzip: C:\Users\JULESC~1\AppData\Local\Temp\tmpb76xc4o1\100011471\100011471_2025-07-09_22#0.json.gz -> data\100011471_2025-07-09_22#0.json
2025-07-10 15:33:25,156 | RUN 20250710_153323 | INFO | Extracting gzip: C:\Users\JULESC~1\AppData\Local\Temp\tmpb76xc4o1\100011471\100011471_2025-07-09_23#0.json.gz -> data\100011471_2025-07-09_23#0.json
2025-07-10 15:33:25,156 | RUN 20250710_153323 | INFO | Extracting gzip: C:\Users\JULESC~1\AppData\Local\Temp\tmpb76xc4o1\100011471\100011471_2025-07-09_3#0.json.gz -> data\100011471_2025-07-09_3#0.json
2025-07-10 15:33:25,159 | RUN 20250710_153323 | INFO | Extracting gzip: C:\Users\JULESC~1\AppData\Local\Temp\tmpb76xc4o1\100011471\100011471_2025-07-09_4#0.json.gz -> data\100011471_2025-07-09_4#0.json
2025-07-10 15:33:25,159 | RUN 20250710_153323 | INFO | Extracting gzip: C:\Users\JULESC~1\AppData\Local\Temp\tmpb76xc4o1\100011471\100011471_2025-07-09_5#0.json.gz -> data\100011471_2025-07-09_5#0.json
2025-07-10 15:33:25,161 | RUN 20250710_153323 | INFO | Extracting gzip: C:\Users\JULESC~1\AppData\Local\Temp\tmpb76xc4o1\100011471\100011471_2025-07-09_6#0.json.gz -> data\100011471_2025-07-09_6#0.json
2025-07-10 15:33:25,161 | RUN 20250710_153323 | INFO | Extracting gzip: C:\Users\JULESC~1\AppData\Local\Temp\tmpb76xc4o1\100011471\100011471_2025-07-09_7#0.json.gz -> data\100011471_2025-07-09_7#0.json
2025-07-10 15:33:25,161 | RUN 20250710_153323 | INFO | Extracting gzip: C:\Users\JULESC~1\AppData\Local\Temp\tmpb76xc4o1\100011471\100011471_2025-07-09_8#0.json.gz -> data\100011471_2025-07-09_8#0.json
2025-07-10 15:33:25,165 | RUN 20250710_153323 | INFO | Extracting gzip: C:\Users\JULESC~1\AppData\Local\Temp\tmpb76xc4o1\100011471\100011471_2025-07-09_9#0.json.gz -> data\100011471_2025-07-09_9#0.json
2025-07-10 15:33:25,166 | RUN 20250710_153323 | INFO | Data extraction and processing complete.
2025-07-10 15:34:47,589 | RUN 20250710_153447 | ERROR | Failed to retrieve data: 404 - <html><title>404: Not Found</title><body>404: Not Found</body></html>
2025-07-10 15:34:50,592 | RUN 20250710_153447 | INFO | Waiting...
2025-07-10 15:34:50,683 | RUN 20250710_153447 | ERROR | Failed to retrieve data: 404 - <html><title>404: Not Found</title><body>404: Not Found</body></html>
2025-07-10 15:34:53,686 | RUN 20250710_153447 | INFO | Waiting...
2025-07-10 15:34:53,820 | RUN 20250710_153447 | ERROR | Failed to retrieve data: 404 - <html><title>404: Not Found</title><body>404: Not Found</body></html>
2025-07-10 15:34:56,822 | RUN 20250710_153447 | INFO | Waiting...
2025-07-10 15:34:56,973 | RUN 20250710_153447 | ERROR | Failed to retrieve data: 404 - <html><title>404: Not Found</title><body>404: Not Found</body></html>
2025-07-10 15:34:59,978 | RUN 20250710_153447 | INFO | Waiting...
2025-07-10 15:35:00,104 | RUN 20250710_153447 | ERROR | Failed to retrieve data: 404 - <html><title>404: Not Found</title><body>404: Not Found</body></html>
2025-07-10 15:35:03,107 | RUN 20250710_153447 | INFO | Waiting...
2025-07-10 15:35:38,760 | RUN 20250710_153538 | ERROR | Failed to retrieve data: 404 - <html><title>404: Not Found</title><body>404: Not Found</body></html>
2025-07-10 15:35:41,764 | RUN 20250710_153538 | INFO | Waiting...
2025-07-10 15:35:41,869 | RUN 20250710_153538 | ERROR | Failed to retrieve data: 404 - <html><title>404: Not Found</title><body>404: Not Found</body></html>
2025-07-10 15:35:44,872 | RUN 20250710_153538 | INFO | Waiting...
2025-07-10 15:35:45,017 | RUN 20250710_153538 | ERROR | Failed to retrieve data: 404 - <html><title>404: Not Found</title><body>404: Not Found</body></html>
2025-07-10 15:35:48,020 | RUN 20250710_153538 | INFO | Waiting...
2025-07-10 15:35:48,117 | RUN 20250710_153538 | ERROR | Failed to retrieve data: 404 - <html><title>404: Not Found</title><body>404: Not Found</body></html>
2025-07-10 15:35:51,132 | RUN 20250710_153538 | INFO | Waiting...
2025-07-10 15:35:51,346 | RUN 20250710_153538 | ERROR | Failed to retrieve data: 404 - <html><title>404: Not Found</title><body>404: Not Found</body></html>
2025-07-10 15:35:54,347 | RUN 20250710_153538 | INFO | Waiting...
2025-07-10 15:37:35,960 | RUN 20250710_153735 | INFO | Starting run... | Run ID: 20250710_153735
2025-07-10 15:37:36,123 | RUN 20250710_153735 | ERROR | Failed to retrieve data: 404 - <html><title>404: Not Found</title><body>404: Not Found</body></html>
2025-07-10 15:37:39,126 | RUN 20250710_153735 | INFO | Waiting...
2025-07-10 15:37:39,295 | RUN 20250710_153735 | ERROR | Failed to retrieve data: 404 - <html><title>404: Not Found</title><body>404: Not Found</body></html>
2025-07-10 15:37:42,306 | RUN 20250710_153735 | INFO | Waiting...
2025-07-10 15:37:42,454 | RUN 20250710_153735 | ERROR | Failed to retrieve data: 404 - <html><title>404: Not Found</title><body>404: Not Found</body></html>
2025-07-10 15:37:45,457 | RUN 20250710_153735 | INFO | Waiting...
2025-07-10 15:37:45,714 | RUN 20250710_153735 | ERROR | Failed to retrieve data: 404 - <html><title>404: Not Found</title><body>404: Not Found</body></html>
2025-07-10 15:37:48,717 | RUN 20250710_153735 | INFO | Waiting...
2025-07-10 15:37:48,880 | RUN 20250710_153735 | ERROR | Failed to retrieve data: 404 - <html><title>404: Not Found</title><body>404: Not Found</body></html>
2025-07-10 15:37:51,884 | RUN 20250710_153735 | INFO | Waiting...
2025-07-10 15:37:51,884 | RUN 20250710_153735 | CRITICAL | All retry attempts failed. | Run ID: 20250710_153735
2025-07-10 15:37:56,785 | RUN 20250710_153756 | INFO | Starting run... | Run ID: 20250710_153756
2025-07-10 15:37:57,898 | RUN 20250710_153756 | INFO | Data Retrieved Succesfully. | Run ID: 20250710_153756
2025-07-10 15:37:57,932 | RUN 20250710_153756 | INFO | Extracting gzip: C:\Users\JULESC~1\AppData\Local\Temp\tmpfyyfl_1u\100011471\100011471_2025-07-09_0#0.json.gz -> data\100011471_2025-07-09_0#0.json
2025-07-10 15:37:57,933 | RUN 20250710_153756 | INFO | Extracting gzip: C:\Users\JULESC~1\AppData\Local\Temp\tmpfyyfl_1u\100011471\100011471_2025-07-09_1#0.json.gz -> data\100011471_2025-07-09_1#0.json
2025-07-10 15:37:57,934 | RUN 20250710_153756 | INFO | Extracting gzip: C:\Users\JULESC~1\AppData\Local\Temp\tmpfyyfl_1u\100011471\100011471_2025-07-09_10#0.json.gz -> data\100011471_2025-07-09_10#0.json
2025-07-10 15:37:57,935 | RUN 20250710_153756 | INFO | Extracting gzip: C:\Users\JULESC~1\AppData\Local\Temp\tmpfyyfl_1u\100011471\100011471_2025-07-09_11#0.json.gz -> data\100011471_2025-07-09_11#0.json
2025-07-10 15:37:57,935 | RUN 20250710_153756 | INFO | Extracting gzip: C:\Users\JULESC~1\AppData\Local\Temp\tmpfyyfl_1u\100011471\100011471_2025-07-09_12#0.json.gz -> data\100011471_2025-07-09_12#0.json
2025-07-10 15:37:57,935 | RUN 20250710_153756 | INFO | Extracting gzip: C:\Users\JULESC~1\AppData\Local\Temp\tmpfyyfl_1u\100011471\100011471_2025-07-09_13#0.json.gz -> data\100011471_2025-07-09_13#0.json
2025-07-10 15:37:57,940 | RUN 20250710_153756 | INFO | Extracting gzip: C:\Users\JULESC~1\AppData\Local\Temp\tmpfyyfl_1u\100011471\100011471_2025-07-09_14#0.json.gz -> data\100011471_2025-07-09_14#0.json
2025-07-10 15:37:57,941 | RUN 20250710_153756 | INFO | Extracting gzip: C:\Users\JULESC~1\AppData\Local\Temp\tmpfyyfl_1u\100011471\100011471_2025-07-09_15#0.json.gz -> data\100011471_2025-07-09_15#0.json
2025-07-10 15:37:57,942 | RUN 20250710_153756 | INFO | Extracting gzip: C:\Users\JULESC~1\AppData\Local\Temp\tmpfyyfl_1u\100011471\100011471_2025-07-09_16#0.json.gz -> data\100011471_2025-07-09_16#0.json
2025-07-10 15:37:57,943 | RUN 20250710_153756 | INFO | Extracting gzip: C:\Users\JULESC~1\AppData\Local\Temp\tmpfyyfl_1u\100011471\100011471_2025-07-09_17#0.json.gz -> data\100011471_2025-07-09_17#0.json
2025-07-10 15:37:57,944 | RUN 20250710_153756 | INFO | Extracting gzip: C:\Users\JULESC~1\AppData\Local\Temp\tmpfyyfl_1u\100011471\100011471_2025-07-09_18#0.json.gz -> data\100011471_2025-07-09_18#0.json
2025-07-10 15:37:57,944 | RUN 20250710_153756 | INFO | Extracting gzip: C:\Users\JULESC~1\AppData\Local\Temp\tmpfyyfl_1u\100011471\100011471_2025-07-09_19#0.json.gz -> data\100011471_2025-07-09_19#0.json
2025-07-10 15:37:57,945 | RUN 20250710_153756 | INFO | Extracting gzip: C:\Users\JULESC~1\AppData\Local\Temp\tmpfyyfl_1u\100011471\100011471_2025-07-09_2#0.json.gz -> data\100011471_2025-07-09_2#0.json
2025-07-10 15:37:57,946 | RUN 20250710_153756 | INFO | Extracting gzip: C:\Users\JULESC~1\AppData\Local\Temp\tmpfyyfl_1u\100011471\100011471_2025-07-09_20#0.json.gz -> data\100011471_2025-07-09_20#0.json
2025-07-10 15:37:57,947 | RUN 20250710_153756 | INFO | Extracting gzip: C:\Users\JULESC~1\AppData\Local\Temp\tmpfyyfl_1u\100011471\100011471_2025-07-09_21#0.json.gz -> data\100011471_2025-07-09_21#0.json
2025-07-10 15:37:57,948 | RUN 20250710_153756 | INFO | Extracting gzip: C:\Users\JULESC~1\AppData\Local\Temp\tmpfyyfl_1u\100011471\100011471_2025-07-09_22#0.json.gz -> data\100011471_2025-07-09_22#0.json
2025-07-10 15:37:57,949 | RUN 20250710_153756 | INFO | Extracting gzip: C:\Users\JULESC~1\AppData\Local\Temp\tmpfyyfl_1u\100011471\100011471_2025-07-09_23#0.json.gz -> data\100011471_2025-07-09_23#0.json
2025-07-10 15:37:57,950 | RUN 20250710_153756 | INFO | Extracting gzip: C:\Users\JULESC~1\AppData\Local\Temp\tmpfyyfl_1u\100011471\100011471_2025-07-09_3#0.json.gz -> data\100011471_2025-07-09_3#0.json
2025-07-10 15:37:57,950 | RUN 20250710_153756 | INFO | Extracting gzip: C:\Users\JULESC~1\AppData\Local\Temp\tmpfyyfl_1u\100011471\100011471_2025-07-09_4#0.json.gz -> data\100011471_2025-07-09_4#0.json
2025-07-10 15:37:57,951 | RUN 20250710_153756 | INFO | Extracting gzip: C:\Users\JULESC~1\AppData\Local\Temp\tmpfyyfl_1u\100011471\100011471_2025-07-09_5#0.json.gz -> data\100011471_2025-07-09_5#0.json
2025-07-10 15:37:57,952 | RUN 20250710_153756 | INFO | Extracting gzip: C:\Users\JULESC~1\AppData\Local\Temp\tmpfyyfl_1u\100011471\100011471_2025-07-09_6#0.json.gz -> data\100011471_2025-07-09_6#0.json
2025-07-10 15:37:57,952 | RUN 20250710_153756 | INFO | Extracting gzip: C:\Users\JULESC~1\AppData\Local\Temp\tmpfyyfl_1u\100011471\100011471_2025-07-09_7#0.json.gz -> data\100011471_2025-07-09_7#0.json
2025-07-10 15:37:57,953 | RUN 20250710_153756 | INFO | Extracting gzip: C:\Users\JULESC~1\AppData\Local\Temp\tmpfyyfl_1u\100011471\100011471_2025-07-09_8#0.json.gz -> data\100011471_2025-07-09_8#0.json
2025-07-10 15:37:57,954 | RUN 20250710_153756 | INFO | Extracting gzip: C:\Users\JULESC~1\AppData\Local\Temp\tmpfyyfl_1u\100011471\100011471_2025-07-09_9#0.json.gz -> data\100011471_2025-07-09_9#0.json
2025-07-10 15:37:57,954 | RUN 20250710_153756 | INFO | Data extraction and processing complete.
2025-07-31 13:46:11,459 | RUN 20250731_134611 | INFO | Starting run... | Run ID: 20250731_134611
2025-07-31 13:46:12,898 | RUN 20250731_134611 | INFO | Data Retrieved Succesfully. | Run ID: 20250731_134611
2025-07-31 13:46:12,916 | RUN 20250731_134611 | INFO | Extracting gzip: C:\Users\JULESC~1\AppData\Local\Temp\tmptczfyumq\100011471\100011471_2025-07-30_0#0.json.gz -> data\100011471_2025-07-30_0#0.json
2025-07-31 13:46:12,916 | RUN 20250731_134611 | INFO | Extracting gzip: C:\Users\JULESC~1\AppData\Local\Temp\tmptczfyumq\100011471\100011471_2025-07-30_1#0.json.gz -> data\100011471_2025-07-30_1#0.json
2025-07-31 13:46:12,918 | RUN 20250731_134611 | INFO | Extracting gzip: C:\Users\JULESC~1\AppData\Local\Temp\tmptczfyumq\100011471\100011471_2025-07-30_10#0.json.gz -> data\100011471_2025-07-30_10#0.json
2025-07-31 13:46:12,919 | RUN 20250731_134611 | INFO | Extracting gzip: C:\Users\JULESC~1\AppData\Local\Temp\tmptczfyumq\100011471\100011471_2025-07-30_11#0.json.gz -> data\100011471_2025-07-30_11#0.json
2025-07-31 13:46:12,921 | RUN 20250731_134611 | INFO | Extracting gzip: C:\Users\JULESC~1\AppData\Local\Temp\tmptczfyumq\100011471\100011471_2025-07-30_12#0.json.gz -> data\100011471_2025-07-30_12#0.json
2025-07-31 13:46:12,924 | RUN 20250731_134611 | INFO | Extracting gzip: C:\Users\JULESC~1\AppData\Local\Temp\tmptczfyumq\100011471\100011471_2025-07-30_13#0.json.gz -> data\100011471_2025-07-30_13#0.json
2025-07-31 13:46:12,925 | RUN 20250731_134611 | INFO | Extracting gzip: C:\Users\JULESC~1\AppData\Local\Temp\tmptczfyumq\100011471\100011471_2025-07-30_14#0.json.gz -> data\100011471_2025-07-30_14#0.json
2025-07-31 13:46:12,925 | RUN 20250731_134611 | INFO | Extracting gzip: C:\Users\JULESC~1\AppData\Local\Temp\tmptczfyumq\100011471\100011471_2025-07-30_15#0.json.gz -> data\100011471_2025-07-30_15#0.json
2025-07-31 13:46:12,925 | RUN 20250731_134611 | INFO | Extracting gzip: C:\Users\JULESC~1\AppData\Local\Temp\tmptczfyumq\100011471\100011471_2025-07-30_16#0.json.gz -> data\100011471_2025-07-30_16#0.json
2025-07-31 13:46:12,925 | RUN 20250731_134611 | INFO | Extracting gzip: C:\Users\JULESC~1\AppData\Local\Temp\tmptczfyumq\100011471\100011471_2025-07-30_17#0.json.gz -> data\100011471_2025-07-30_17#0.json
2025-07-31 13:46:12,930 | RUN 20250731_134611 | INFO | Extracting gzip: C:\Users\JULESC~1\AppData\Local\Temp\tmptczfyumq\100011471\100011471_2025-07-30_18#0.json.gz -> data\100011471_2025-07-30_18#0.json
2025-07-31 13:46:12,932 | RUN 20250731_134611 | INFO | Extracting gzip: C:\Users\JULESC~1\AppData\Local\Temp\tmptczfyumq\100011471\100011471_2025-07-30_19#0.json.gz -> data\100011471_2025-07-30_19#0.json
2025-07-31 13:46:12,933 | RUN 20250731_134611 | INFO | Extracting gzip: C:\Users\JULESC~1\AppData\Local\Temp\tmptczfyumq\100011471\100011471_2025-07-30_2#0.json.gz -> data\100011471_2025-07-30_2#0.json
2025-07-31 13:46:12,935 | RUN 20250731_134611 | INFO | Extracting gzip: C:\Users\JULESC~1\AppData\Local\Temp\tmptczfyumq\100011471\100011471_2025-07-30_20#0.json.gz -> data\100011471_2025-07-30_20#0.json
2025-07-31 13:46:12,936 | RUN 20250731_134611 | INFO | Extracting gzip: C:\Users\JULESC~1\AppData\Local\Temp\tmptczfyumq\100011471\100011471_2025-07-30_21#0.json.gz -> data\100011471_2025-07-30_21#0.json
2025-07-31 13:46:12,936 | RUN 20250731_134611 | INFO | Extracting gzip: C:\Users\JULESC~1\AppData\Local\Temp\tmptczfyumq\100011471\100011471_2025-07-30_22#0.json.gz -> data\100011471_2025-07-30_22#0.json
2025-07-31 13:46:12,937 | RUN 20250731_134611 | INFO | Extracting gzip: C:\Users\JULESC~1\AppData\Local\Temp\tmptczfyumq\100011471\100011471_2025-07-30_23#0.json.gz -> data\100011471_2025-07-30_23#0.json
2025-07-31 13:46:12,937 | RUN 20250731_134611 | INFO | Extracting gzip: C:\Users\JULESC~1\AppData\Local\Temp\tmptczfyumq\100011471\100011471_2025-07-30_3#0.json.gz -> data\100011471_2025-07-30_3#0.json
2025-07-31 13:46:12,938 | RUN 20250731_134611 | INFO | Extracting gzip: C:\Users\JULESC~1\AppData\Local\Temp\tmptczfyumq\100011471\100011471_2025-07-30_4#0.json.gz -> data\100011471_2025-07-30_4#0.json
2025-07-31 13:46:12,939 | RUN 20250731_134611 | INFO | Extracting gzip: C:\Users\JULESC~1\AppData\Local\Temp\tmptczfyumq\100011471\100011471_2025-07-30_5#0.json.gz -> data\100011471_2025-07-30_5#0.json
2025-07-31 13:46:12,941 | RUN 20250731_134611 | INFO | Extracting gzip: C:\Users\JULESC~1\AppData\Local\Temp\tmptczfyumq\100011471\100011471_2025-07-30_6#0.json.gz -> data\100011471_2025-07-30_6#0.json
2025-07-31 13:46:12,942 | RUN 20250731_134611 | INFO | Extracting gzip: C:\Users\JULESC~1\AppData\Local\Temp\tmptczfyumq\100011471\100011471_2025-07-30_7#0.json.gz -> data\100011471_2025-07-30_7#0.json
2025-07-31 13:46:12,943 | RUN 20250731_134611 | INFO | Extracting gzip: C:\Users\JULESC~1\AppData\Local\Temp\tmptczfyumq\100011471\100011471_2025-07-30_8#0.json.gz -> data\100011471_2025-07-30_8#0.json
2025-07-31 13:46:12,946 | RUN 20250731_134611 | INFO | Extracting gzip: C:\Users\JULESC~1\AppData\Local\Temp\tmptczfyumq\100011471\100011471_2025-07-30_9#0.json.gz -> data\100011471_2025-07-30_9#0.json
2025-07-31 13:46:12,947 | RUN 20250731_134611 | INFO | Data extraction and processing complete.
2025-07-31 14:13:45,600 | RUN 20250731_141345 | INFO | Starting run... | Run ID: 20250731_141345
2025-07-31 14:13:46,725 | RUN 20250731_141345 | INFO | Data Retrieved Succesfully. | Run ID: 20250731_141345
2025-07-31 14:13:46,749 | RUN 20250731_141345 | INFO | Extracting gzip: C:\Users\JULESC~1\AppData\Local\Temp\tmpakyob1oq\100011471\100011471_2025-07-30_0#0.json.gz -> data\100011471_2025-07-30_0#0.json
2025-07-31 14:13:46,751 | RUN 20250731_141345 | INFO | Extracting gzip: C:\Users\JULESC~1\AppData\Local\Temp\tmpakyob1oq\100011471\100011471_2025-07-30_1#0.json.gz -> data\100011471_2025-07-30_1#0.json
2025-07-31 14:13:46,752 | RUN 20250731_141345 | INFO | Extracting gzip: C:\Users\JULESC~1\AppData\Local\Temp\tmpakyob1oq\100011471\100011471_2025-07-30_10#0.json.gz -> data\100011471_2025-07-30_10#0.json
2025-07-31 14:13:46,753 | RUN 20250731_141345 | INFO | Extracting gzip: C:\Users\JULESC~1\AppData\Local\Temp\tmpakyob1oq\100011471\100011471_2025-07-30_11#0.json.gz -> data\100011471_2025-07-30_11#0.json
2025-07-31 14:13:46,755 | RUN 20250731_141345 | INFO | Extracting gzip: C:\Users\JULESC~1\AppData\Local\Temp\tmpakyob1oq\100011471\100011471_2025-07-30_12#0.json.gz -> data\100011471_2025-07-30_12#0.json
2025-07-31 14:13:46,756 | RUN 20250731_141345 | INFO | Extracting gzip: C:\Users\JULESC~1\AppData\Local\Temp\tmpakyob1oq\100011471\100011471_2025-07-30_13#0.json.gz -> data\100011471_2025-07-30_13#0.json
2025-07-31 14:13:46,756 | RUN 20250731_141345 | INFO | Extracting gzip: C:\Users\JULESC~1\AppData\Local\Temp\tmpakyob1oq\100011471\100011471_2025-07-30_14#0.json.gz -> data\100011471_2025-07-30_14#0.json
2025-07-31 14:13:46,762 | RUN 20250731_141345 | INFO | Extracting gzip: C:\Users\JULESC~1\AppData\Local\Temp\tmpakyob1oq\100011471\100011471_2025-07-30_15#0.json.gz -> data\100011471_2025-07-30_15#0.json
2025-07-31 14:13:46,762 | RUN 20250731_141345 | INFO | Extracting gzip: C:\Users\JULESC~1\AppData\Local\Temp\tmpakyob1oq\100011471\100011471_2025-07-30_16#0.json.gz -> data\100011471_2025-07-30_16#0.json
2025-07-31 14:13:46,762 | RUN 20250731_141345 | INFO | Extracting gzip: C:\Users\JULESC~1\AppData\Local\Temp\tmpakyob1oq\100011471\100011471_2025-07-30_17#0.json.gz -> data\100011471_2025-07-30_17#0.json
2025-07-31 14:13:46,762 | RUN 20250731_141345 | INFO | Extracting gzip: C:\Users\JULESC~1\AppData\Local\Temp\tmpakyob1oq\100011471\100011471_2025-07-30_18#0.json.gz -> data\100011471_2025-07-30_18#0.json
2025-07-31 14:13:46,762 | RUN 20250731_141345 | INFO | Extracting gzip: C:\Users\JULESC~1\AppData\Local\Temp\tmpakyob1oq\100011471\100011471_2025-07-30_19#0.json.gz -> data\100011471_2025-07-30_19#0.json
2025-07-31 14:13:46,762 | RUN 20250731_141345 | INFO | Extracting gzip: C:\Users\JULESC~1\AppData\Local\Temp\tmpakyob1oq\100011471\100011471_2025-07-30_2#0.json.gz -> data\100011471_2025-07-30_2#0.json
2025-07-31 14:13:46,769 | RUN 20250731_141345 | INFO | Extracting gzip: C:\Users\JULESC~1\AppData\Local\Temp\tmpakyob1oq\100011471\100011471_2025-07-30_20#0.json.gz -> data\100011471_2025-07-30_20#0.json
2025-07-31 14:13:46,769 | RUN 20250731_141345 | INFO | Extracting gzip: C:\Users\JULESC~1\AppData\Local\Temp\tmpakyob1oq\100011471\100011471_2025-07-30_21#0.json.gz -> data\100011471_2025-07-30_21#0.json
2025-07-31 14:13:46,773 | RUN 20250731_141345 | INFO | Extracting gzip: C:\Users\JULESC~1\AppData\Local\Temp\tmpakyob1oq\100011471\100011471_2025-07-30_22#0.json.gz -> data\100011471_2025-07-30_22#0.json
2025-07-31 14:13:46,773 | RUN 20250731_141345 | INFO | Extracting gzip: C:\Users\JULESC~1\AppData\Local\Temp\tmpakyob1oq\100011471\100011471_2025-07-30_23#0.json.gz -> data\100011471_2025-07-30_23#0.json
2025-07-31 14:13:46,773 | RUN 20250731_141345 | INFO | Extracting gzip: C:\Users\JULESC~1\AppData\Local\Temp\tmpakyob1oq\100011471\100011471_2025-07-30_3#0.json.gz -> data\100011471_2025-07-30_3#0.json
2025-07-31 14:13:46,773 | RUN 20250731_141345 | INFO | Extracting gzip: C:\Users\JULESC~1\AppData\Local\Temp\tmpakyob1oq\100011471\100011471_2025-07-30_4#0.json.gz -> data\100011471_2025-07-30_4#0.json
2025-07-31 14:13:46,779 | RUN 20250731_141345 | INFO | Extracting gzip: C:\Users\JULESC~1\AppData\Local\Temp\tmpakyob1oq\100011471\100011471_2025-07-30_5#0.json.gz -> data\100011471_2025-07-30_5#0.json
2025-07-31 14:13:46,779 | RUN 20250731_141345 | INFO | Extracting gzip: C:\Users\JULESC~1\AppData\Local\Temp\tmpakyob1oq\100011471\100011471_2025-07-30_6#0.json.gz -> data\100011471_2025-07-30_6#0.json
2025-07-31 14:13:46,779 | RUN 20250731_141345 | INFO | Extracting gzip: C:\Users\JULESC~1\AppData\Local\Temp\tmpakyob1oq\100011471\100011471_2025-07-30_7#0.json.gz -> data\100011471_2025-07-30_7#0.json
2025-07-31 14:13:46,783 | RUN 20250731_141345 | INFO | Extracting gzip: C:\Users\JULESC~1\AppData\Local\Temp\tmpakyob1oq\100011471\100011471_2025-07-30_8#0.json.gz -> data\100011471_2025-07-30_8#0.json
2025-07-31 14:13:46,784 | RUN 20250731_141345 | INFO | Extracting gzip: C:\Users\JULESC~1\AppData\Local\Temp\tmpakyob1oq\100011471\100011471_2025-07-30_9#0.json.gz -> data\100011471_2025-07-30_9#0.json
2025-07-31 14:13:46,784 | RUN 20250731_141345 | INFO | Data extraction and processing complete.
